{
  "RSpec": {
    "coverage": {
      "/Users/rafa1/Ironhack/1_part-time/concert_tickets_app/spec/support/factory_girl.rb": [
        1,
        null,
        1,
        1,
        null,
        1,
        1,
        1,
        1,
        null,
        1,
        null,
        null,
        null
      ],
      "/Users/rafa1/Ironhack/1_part-time/concert_tickets_app/spec/support/database_cleaner.rb": [
        1,
        1,
        null,
        1,
        1,
        1,
        null,
        null,
        1,
        1,
        null,
        null,
        null,
        null
      ],
      "/Users/rafa1/Ironhack/1_part-time/concert_tickets_app/app/models/concert.rb": [
        1,
        null
      ]
    },
    "timestamp": 1453151028
  }
}
