{
  "RSpec": {
    "coverage": {
      "/Users/rafa1/Ironhack/1_part-time/concert_tickets_app/spec/support/factory_girl.rb": [
        1,
        null,
        1,
        1,
        null,
        1,
        1,
        1,
        1,
        null,
        1,
        null,
        null,
        null
      ],
      "/Users/rafa1/Ironhack/1_part-time/concert_tickets_app/spec/support/database_cleaner.rb": [
        1,
        1,
        null,
        1,
        1,
        1,
        null,
        null,
        1,
        1,
        null,
        null,
        null,
        null
      ],
      "/Users/rafa1/Ironhack/1_part-time/concert_tickets_app/app/models/concert.rb": [
        1,
        null
      ],
      "/Users/rafa1/Ironhack/1_part-time/concert_tickets_app/app/controllers/site_controller.rb": [
        1,
        1,
        null,
        null,
        null
      ],
      "/Users/rafa1/Ironhack/1_part-time/concert_tickets_app/app/controllers/application_controller.rb": [
        1,
        null,
        null,
        1,
        null
      ],
      "/Users/rafa1/Ironhack/1_part-time/concert_tickets_app/app/controllers/concerts_controller.rb": [
        1,
        1,
        3,
        3,
        null,
        null,
        null,
        null,
        1,
        null,
        1,
        2,
        1,
        null,
        1,
        1,
        null,
        null,
        null,
        1,
        2,
        null,
        null,
        1,
        1,
        1,
        null,
        null
      ]
    },
    "timestamp": 1453153686
  }
}
